[[[自动注册扩展缓存完成]]]
[2019/01/27 14:32:11.2126]
[线程：1]
注册总用时：2.9983ms
自动扫描程序集：0个
扩展缓存：

[[[微信扩展缓存注册完成]]]
[2019/01/27 14:32:11.2206]
[线程：1]
微信扩展缓存注册总用时：0ms
扩展缓存：Senparc.Weixin.Cache.LocalContainerCacheStrategy

[[[自动注册扩展缓存完成]]]
[2019/01/27 15:18:45.3408]
[线程：1]
注册总用时：1.9992ms
自动扫描程序集：0个
扩展缓存：

[[[微信扩展缓存注册完成]]]
[2019/01/27 15:18:45.3478]
[线程：1]
微信扩展缓存注册总用时：0ms
扩展缓存：Senparc.Weixin.Cache.LocalContainerCacheStrategy

[[[自动注册扩展缓存完成]]]
[2019/01/27 15:29:41.1517]
[线程：1]
注册总用时：1.9988ms
自动扫描程序集：0个
扩展缓存：

[[[微信扩展缓存注册完成]]]
[2019/01/27 15:29:41.1597]
[线程：1]
微信扩展缓存注册总用时：0ms
扩展缓存：Senparc.Weixin.Cache.LocalContainerCacheStrategy

[[[自动注册扩展缓存完成]]]
[2019/01/27 15:53:23.0936]
[线程：1]
注册总用时：0.9988ms
自动扫描程序集：0个
扩展缓存：

[[[微信扩展缓存注册完成]]]
[2019/01/27 15:53:23.1015]
[线程：1]
微信扩展缓存注册总用时：0.9994ms
扩展缓存：Senparc.Weixin.Cache.LocalContainerCacheStrategy

[[[自动注册扩展缓存完成]]]
[2019/01/27 15:57:13.0081]
[线程：1]
注册总用时：1.0174ms
自动扫描程序集：0个
扩展缓存：

[[[微信扩展缓存注册完成]]]
[2019/01/27 15:57:13.0161]
[线程：1]
微信扩展缓存注册总用时：0ms
扩展缓存：Senparc.Weixin.Cache.LocalContainerCacheStrategy

[[[自动注册扩展缓存完成]]]
[2019/01/27 16:13:49.9490]
[线程：1]
注册总用时：0.9988ms
自动扫描程序集：0个
扩展缓存：

[[[微信扩展缓存注册完成]]]
[2019/01/27 16:13:49.9570]
[线程：1]
微信扩展缓存注册总用时：0ms
扩展缓存：Senparc.Weixin.Cache.LocalContainerCacheStrategy

