时间:2018-12-28 09:47:40,770日志内容:ip所在城市获取失败!远程服务器返回错误: (502) 错误的网关。
-----------------------------------------

时间:2018-12-28 09:47:49,701日志内容:ip所在城市获取失败!未将对象引用设置到对象的实例。
-----------------------------------------

时间:2018-12-28 09:47:57,618日志内容:ip所在城市获取失败!未将对象引用设置到对象的实例。
-----------------------------------------

时间:2018-12-28 09:48:01,427日志内容:ip所在城市获取失败!未将对象引用设置到对象的实例。
-----------------------------------------

时间:2018-12-28 09:48:17,516日志内容:ip所在城市获取失败!远程服务器返回错误: (502) 错误的网关。
-----------------------------------------

时间:2018-12-28 09:49:58,825日志内容:ip所在城市获取失败!未将对象引用设置到对象的实例。
-----------------------------------------

时间:2018-12-28 09:50:19,331日志内容:ip所在城市获取失败!未将对象引用设置到对象的实例。
-----------------------------------------

时间:2018-12-28 09:50:23,941日志内容:ip所在城市获取失败!未将对象引用设置到对象的实例。
-----------------------------------------

时间:2018-12-28 09:50:29,922日志内容:ip所在城市获取失败!远程服务器返回错误: (502) 错误的网关。
-----------------------------------------

时间:2018-12-28 09:50:32,272日志内容:ip所在城市获取失败!远程服务器返回错误: (502) 错误的网关。
-----------------------------------------

时间:2018-12-28 09:50:47,490日志内容:ip所在城市获取失败!未将对象引用设置到对象的实例。
-----------------------------------------

时间:2018-12-28 09:50:49,744日志内容:ip所在城市获取失败!未将对象引用设置到对象的实例。
-----------------------------------------

时间:2018-12-28 09:50:52,352日志内容:ip所在城市获取失败!未将对象引用设置到对象的实例。
-----------------------------------------

时间:2018-12-28 09:50:53,560日志内容:ip所在城市获取失败!未将对象引用设置到对象的实例。
-----------------------------------------

时间:2018-12-28 09:50:54,775日志内容:ip所在城市获取失败!未将对象引用设置到对象的实例。
-----------------------------------------

时间:2018-12-28 09:51:15,888日志内容:ip所在城市获取失败!未将对象引用设置到对象的实例。
-----------------------------------------

时间:2018-12-28 09:51:17,102日志内容:ip所在城市获取失败!未将对象引用设置到对象的实例。
-----------------------------------------

时间:2018-12-28 09:51:18,281日志内容:ip所在城市获取失败!未将对象引用设置到对象的实例。
-----------------------------------------

时间:2018-12-28 09:51:22,846日志内容:ip所在城市获取失败!未将对象引用设置到对象的实例。
-----------------------------------------

时间:2018-12-28 09:51:23,997日志内容:ip所在城市获取失败!未将对象引用设置到对象的实例。
-----------------------------------------

时间:2018-12-28 10:18:13,739日志内容:ip所在城市获取失败!未将对象引用设置到对象的实例。
-----------------------------------------

时间:2018-12-28 10:53:03,536日志内容:ip所在城市获取失败!远程服务器返回错误: (502) 错误的网关。
-----------------------------------------

时间:2018-12-28 10:58:36,769日志内容:ip所在城市获取失败!未将对象引用设置到对象的实例。
-----------------------------------------

时间:2018-12-28 10:58:40,500日志内容:ip所在城市获取失败!未将对象引用设置到对象的实例。
-----------------------------------------

时间:2018-12-28 10:58:40,535日志内容:内容删除失败:未将对象引用设置到对象的实例。
-----------------------------------------

时间:2018-12-28 10:59:20,864日志内容:ip所在城市获取失败!未将对象引用设置到对象的实例。
-----------------------------------------

时间:2018-12-28 10:59:20,870日志内容:内容删除失败:未将对象引用设置到对象的实例。
-----------------------------------------

时间:2018-12-28 11:15:46,203日志内容:ip所在城市获取失败!未将对象引用设置到对象的实例。
-----------------------------------------

时间:2018-12-28 11:16:19,190日志内容:内容状态修改失败:未将对象引用设置到对象的实例。
-----------------------------------------

时间:2018-12-28 11:16:50,886日志内容:内容状态修改失败:未将对象引用设置到对象的实例。
-----------------------------------------

时间:2018-12-28 11:17:10,391日志内容:内容状态修改失败:非静态字段需要一个目标。
-----------------------------------------

时间:2018-12-28 11:17:21,133日志内容:ip所在城市获取失败!未将对象引用设置到对象的实例。
-----------------------------------------

时间:2018-12-28 11:18:40,181日志内容:ip所在城市获取失败!未将对象引用设置到对象的实例。
-----------------------------------------

时间:2018-12-28 11:18:54,487日志内容:ip所在城市获取失败!未将对象引用设置到对象的实例。
-----------------------------------------

时间:2018-12-28 11:19:23,994日志内容:ip所在城市获取失败!远程服务器返回错误: (502) 错误的网关。
-----------------------------------------

时间:2018-12-28 11:32:53,820日志内容:ip所在城市获取失败!未将对象引用设置到对象的实例。
-----------------------------------------

时间:2018-12-28 11:33:00,653日志内容:ip所在城市获取失败!未将对象引用设置到对象的实例。
-----------------------------------------

时间:2018-12-28 11:44:35,536日志内容:内容状态修改失败:非静态字段需要一个目标。
-----------------------------------------

时间:2018-12-28 11:45:33,707日志内容:内容状态修改失败:未将对象引用设置到对象的实例。
-----------------------------------------

时间:2018-12-28 11:48:49,603日志内容:内容状态修改失败:未将对象引用设置到对象的实例。
-----------------------------------------

时间:2018-12-28 11:49:32,583日志内容:内容状态修改失败:Attaching an entity of type 'Model.SysContent' failed because another entity of the same type already has the same primary key value. This can happen when using the 'Attach' method or setting the state of an entity to 'Unchanged' or 'Modified' if any entities in the graph have conflicting key values. This may be because some entities are new and have not yet received database-generated key values. In this case use the 'Add' method or the 'Added' entity state to track the graph and then set the state of non-new entities to 'Unchanged' or 'Modified' as appropriate.
-----------------------------------------

时间:2018-12-28 11:58:07,631日志内容:ip所在城市获取失败!远程服务器返回错误: (502) 错误的网关。
-----------------------------------------

时间:2018-12-28 11:58:36,530日志内容:ip所在城市获取失败!未将对象引用设置到对象的实例。
-----------------------------------------

时间:2018-12-28 11:58:47,760日志内容:ip所在城市获取失败!未将对象引用设置到对象的实例。
-----------------------------------------

时间:2018-12-28 11:58:51,973日志内容:ip所在城市获取失败!未将对象引用设置到对象的实例。
-----------------------------------------

时间:2018-12-28 11:59:32,672日志内容:ip所在城市获取失败!远程服务器返回错误: (502) 错误的网关。
-----------------------------------------

时间:2018-12-28 13:23:40,667日志内容:ip所在城市获取失败!未将对象引用设置到对象的实例。
-----------------------------------------

时间:2018-12-28 13:24:01,447日志内容:ip所在城市获取失败!未将对象引用设置到对象的实例。
-----------------------------------------

时间:2018-12-28 13:24:18,758日志内容:ip所在城市获取失败!远程服务器返回错误: (502) 错误的网关。
-----------------------------------------

时间:2018-12-28 13:24:25,743日志内容:ip所在城市获取失败!未将对象引用设置到对象的实例。
-----------------------------------------

时间:2018-12-28 13:39:47,984日志内容:ip所在城市获取失败!未将对象引用设置到对象的实例。
-----------------------------------------

时间:2018-12-28 13:40:26,476日志内容:ip所在城市获取失败!远程服务器返回错误: (502) 错误的网关。
-----------------------------------------

时间:2018-12-28 14:00:09,601日志内容:ip所在城市获取失败!远程服务器返回错误: (502) 错误的网关。
-----------------------------------------

时间:2018-12-28 14:01:54,788日志内容:ip所在城市获取失败!远程服务器返回错误: (502) 错误的网关。
-----------------------------------------

时间:2018-12-28 14:33:29,655日志内容:ip所在城市获取失败!远程服务器返回错误: (502) 错误的网关。
-----------------------------------------

时间:2018-12-28 14:35:50,650日志内容:ip所在城市获取失败!未将对象引用设置到对象的实例。
-----------------------------------------

时间:2018-12-28 14:37:04,641日志内容:ip所在城市获取失败!未将对象引用设置到对象的实例。
-----------------------------------------

时间:2018-12-28 14:38:13,511日志内容:ip所在城市获取失败!未将对象引用设置到对象的实例。
-----------------------------------------

时间:2018-12-28 14:38:38,898日志内容:ip所在城市获取失败!远程服务器返回错误: (502) 错误的网关。
-----------------------------------------

时间:2018-12-28 14:47:06,810日志内容:内容添加失败:输入字符串的格式不正确。
-----------------------------------------

时间:2018-12-28 14:48:21,009日志内容:内容添加失败:输入字符串的格式不正确。
-----------------------------------------

时间:2018-12-28 14:50:05,884日志内容:内容添加失败:输入字符串的格式不正确。
-----------------------------------------

时间:2018-12-28 14:50:23,193日志内容:ip所在城市获取失败!未将对象引用设置到对象的实例。
-----------------------------------------

时间:2018-12-28 14:50:36,561日志内容:ip所在城市获取失败!未将对象引用设置到对象的实例。
-----------------------------------------

时间:2018-12-28 14:50:48,131日志内容:ip所在城市获取失败!远程服务器返回错误: (502) 错误的网关。
-----------------------------------------

时间:2018-12-28 14:50:53,170日志内容:ip所在城市获取失败!未将对象引用设置到对象的实例。
-----------------------------------------

时间:2018-12-28 14:50:57,350日志内容:ip所在城市获取失败!未将对象引用设置到对象的实例。
-----------------------------------------

时间:2018-12-28 14:52:09,772日志内容:ip所在城市获取失败!未将对象引用设置到对象的实例。
-----------------------------------------

时间:2018-12-28 14:52:09,844日志内容:ip所在城市获取失败!未将对象引用设置到对象的实例。
-----------------------------------------

时间:2018-12-28 14:52:18,829日志内容:ip所在城市获取失败!远程服务器返回错误: (502) 错误的网关。
-----------------------------------------

时间:2018-12-28 14:52:22,350日志内容:ip所在城市获取失败!远程服务器返回错误: (502) 错误的网关。
-----------------------------------------

时间:2018-12-28 14:52:42,652日志内容:文件上传错误:文件“F:\学习\DataWall\DataWall\Files\UploadFiles\2018-12-28\Images\131904535626024905.jpg”正由另一进程使用，因此该进程无法访问此文件。
-----------------------------------------

时间:2018-12-28 14:53:21,691日志内容:ip所在城市获取失败!远程服务器返回错误: (502) 错误的网关。
-----------------------------------------

时间:2018-12-28 15:03:39,633日志内容:ip所在城市获取失败!未将对象引用设置到对象的实例。
-----------------------------------------

时间:2018-12-28 15:03:54,171日志内容:ip所在城市获取失败!远程服务器返回错误: (502) 错误的网关。
-----------------------------------------

时间:2018-12-28 15:04:02,464日志内容:ip所在城市获取失败!未将对象引用设置到对象的实例。
-----------------------------------------

时间:2018-12-28 15:04:07,225日志内容:ip所在城市获取失败!未将对象引用设置到对象的实例。
-----------------------------------------

时间:2018-12-28 15:04:16,605日志内容:ip所在城市获取失败!远程服务器返回错误: (502) 错误的网关。
-----------------------------------------

时间:2018-12-28 15:10:12,483日志内容:客流设备不存在
-----------------------------------------

时间:2018-12-28 15:10:38,250日志内容:客流设备不存在
-----------------------------------------

时间:2018-12-28 15:11:31,726日志内容:ip所在城市获取失败!远程服务器返回错误: (502) 错误的网关。
-----------------------------------------

