时间:2019-01-12 17:36:56,524日志内容:用户登陆操作日志添加失败!Unexpected character encountered while parsing value: s. Path '', line 0, position 0.
-----------------------------------------

时间:2019-01-12 17:36:56,533日志内容:用户登录错误:Unexpected character encountered while parsing value: s. Path '', line 0, position 0.
-----------------------------------------

时间:2019-01-12 17:37:06,729日志内容:用户登陆操作日志添加失败!Unexpected character encountered while parsing value: s. Path '', line 0, position 0.
-----------------------------------------

时间:2019-01-12 17:37:06,729日志内容:用户登录错误:Unexpected character encountered while parsing value: s. Path '', line 0, position 0.
-----------------------------------------

时间:2019-01-12 17:51:02,370日志内容:用户登陆操作日志添加失败!Unexpected character encountered while parsing value: s. Path '', line 0, position 0.
-----------------------------------------

时间:2019-01-12 17:51:02,378日志内容:用户登录错误:Unexpected character encountered while parsing value: s. Path '', line 0, position 0.
-----------------------------------------

时间:2019-01-12 17:52:48,352日志内容:ip所在城市获取失败!远程服务器返回错误: (502) 错误的网关。
-----------------------------------------

时间:2019-01-12 17:58:07,140日志内容:场馆添加失败:值不能为 null。
参数名: String
-----------------------------------------

时间:2019-01-12 18:00:00,149日志内容:场馆添加失败:值不能为 null。
参数名: String
-----------------------------------------

时间:2019-01-12 18:01:04,976日志内容:用户修改失败:值不能为 null。
参数名: String
-----------------------------------------

时间:2019-01-12 18:01:10,453日志内容:场馆添加失败:值不能为 null。
参数名: String
-----------------------------------------

时间:2019-01-12 18:03:58,612日志内容:场馆添加失败:值不能为 null。
参数名: String
-----------------------------------------

时间:2019-01-12 18:04:07,336日志内容:场馆添加失败:值不能为 null。
参数名: String
-----------------------------------------

时间:2019-01-12 18:07:18,497日志内容:场馆添加失败:值不能为 null。
参数名: String
-----------------------------------------

时间:2019-01-12 18:07:29,262日志内容:ip所在城市获取失败!远程服务器返回错误: (502) 错误的网关。
-----------------------------------------

时间:2019-01-12 18:24:02,431日志内容:ip所在城市获取失败!远程服务器返回错误: (502) 错误的网关。
-----------------------------------------

时间:2019-01-12 18:24:08,567日志内容:场馆添加失败:值不能为 null。
参数名: String
-----------------------------------------

时间:2019-01-12 18:24:42,552日志内容:ip所在城市获取失败!远程服务器返回错误: (502) 错误的网关。
-----------------------------------------

时间:2019-01-12 18:54:26,623日志内容:ip所在城市获取失败!远程服务器返回错误: (502) 错误的网关。
-----------------------------------------

时间:2019-01-12 18:54:50,763日志内容:奖项修改失败:An error occurred while starting a transaction on the provider connection. See the inner exception for details.
-----------------------------------------

时间:2019-01-12 18:54:54,110日志内容:奖项修改失败:An error occurred while starting a transaction on the provider connection. See the inner exception for details.
-----------------------------------------

